2023-06-25 19:25:05,948 - log_2.log - INFO - Function hello_world executed 2023-06-25 19:25:05.948056
2023-06-25 19:25:05,948 - log_2.log - INFO - Function hello_world executed 2023-06-25 19:25:05.948056
2023-06-25 19:25:05,948 - log_2.log - INFO - Function hello_world executed 2023-06-25 19:25:05.948056
2023-06-25 19:25:05,948 - log_2.log - INFO - With args: ()_{}
2023-06-25 19:25:05,948 - log_2.log - INFO - With args: ()_{}
2023-06-25 19:25:05,948 - log_2.log - INFO - With args: ()_{}
2023-06-25 19:25:05,949 - log_2.log - INFO - Result of hello_world: Hello World
2023-06-25 19:25:05,949 - log_2.log - INFO - Result of hello_world: Hello World
2023-06-25 19:25:05,949 - log_2.log - INFO - Result of hello_world: Hello World
2023-06-25 19:25:05,949 - log_2.log - INFO - Function summator executed 2023-06-25 19:25:05.949052
2023-06-25 19:25:05,949 - log_2.log - INFO - Function summator executed 2023-06-25 19:25:05.949052
2023-06-25 19:25:05,949 - log_2.log - INFO - Function summator executed 2023-06-25 19:25:05.949052
2023-06-25 19:25:05,949 - log_2.log - INFO - With args: (2, 2)_{}
2023-06-25 19:25:05,949 - log_2.log - INFO - With args: (2, 2)_{}
2023-06-25 19:25:05,949 - log_2.log - INFO - With args: (2, 2)_{}
2023-06-25 19:25:05,950 - log_2.log - INFO - Result of summator: 4
2023-06-25 19:25:05,950 - log_2.log - INFO - Result of summator: 4
2023-06-25 19:25:05,950 - log_2.log - INFO - Result of summator: 4
2023-06-25 19:25:05,950 - log_2.log - INFO - Function div executed 2023-06-25 19:25:05.950051
2023-06-25 19:25:05,950 - log_2.log - INFO - Function div executed 2023-06-25 19:25:05.950051
2023-06-25 19:25:05,950 - log_2.log - INFO - Function div executed 2023-06-25 19:25:05.950051
2023-06-25 19:25:05,950 - log_2.log - INFO - With args: (6, 2)_{}
2023-06-25 19:25:05,950 - log_2.log - INFO - With args: (6, 2)_{}
2023-06-25 19:25:05,950 - log_2.log - INFO - With args: (6, 2)_{}
2023-06-25 19:25:05,950 - log_2.log - INFO - Result of div: 3.0
2023-06-25 19:25:05,950 - log_2.log - INFO - Result of div: 3.0
2023-06-25 19:25:05,950 - log_2.log - INFO - Result of div: 3.0
2023-06-25 19:25:05,951 - log_2.log - INFO - Function summator executed 2023-06-25 19:25:05.951048
2023-06-25 19:25:05,951 - log_2.log - INFO - Function summator executed 2023-06-25 19:25:05.951048
2023-06-25 19:25:05,951 - log_2.log - INFO - Function summator executed 2023-06-25 19:25:05.951048
2023-06-25 19:25:05,951 - log_2.log - INFO - With args: (4.3,)_{'b': 2.2}
2023-06-25 19:25:05,951 - log_2.log - INFO - With args: (4.3,)_{'b': 2.2}
2023-06-25 19:25:05,951 - log_2.log - INFO - With args: (4.3,)_{'b': 2.2}
2023-06-25 19:25:05,951 - log_2.log - INFO - Result of summator: 6.5
2023-06-25 19:25:05,951 - log_2.log - INFO - Result of summator: 6.5
2023-06-25 19:25:05,951 - log_2.log - INFO - Result of summator: 6.5
